c:\users\daniela\documents\githubvisualstudio\ardi_2015f\ex-2\reactor\debug\reactorpattern.pdb
c:\users\daniela\documents\githubvisualstudio\ardi_2015f\ex-2\reactor\debug\reactorpattern.idb
c:\users\daniela\documents\githubvisualstudio\ardi_2015f\ex-2\reactor\debug\acceptoreventhandler.obj
c:\users\daniela\documents\githubvisualstudio\ardi_2015f\ex-2\reactor\debug\alarmevent.obj
c:\users\daniela\documents\githubvisualstudio\ardi_2015f\ex-2\reactor\debug\alarmeventhandler.obj
c:\users\daniela\documents\githubvisualstudio\ardi_2015f\ex-2\reactor\debug\demux_table.obj
c:\users\daniela\documents\githubvisualstudio\ardi_2015f\ex-2\reactor\debug\event_handler.obj
c:\users\daniela\documents\githubvisualstudio\ardi_2015f\ex-2\reactor\debug\logevent.obj
c:\users\daniela\documents\githubvisualstudio\ardi_2015f\ex-2\reactor\debug\logeventhandler.obj
c:\users\daniela\documents\githubvisualstudio\ardi_2015f\ex-2\reactor\debug\patientevent.obj
c:\users\daniela\documents\githubvisualstudio\ardi_2015f\ex-2\reactor\debug\patienteventhandler.obj
c:\users\daniela\documents\githubvisualstudio\ardi_2015f\ex-2\reactor\debug\reactor.obj
c:\users\daniela\documents\githubvisualstudio\ardi_2015f\ex-2\reactor\debug\reactor_implementation.obj
c:\users\daniela\documents\githubvisualstudio\ardi_2015f\ex-2\debug\reactorpattern.lib
c:\users\daniela\documents\githubvisualstudio\ardi_2015f\ex-2\reactor\debug\reactor.vcxprojresolveassemblyreference.cache
c:\users\daniela\documents\githubvisualstudio\ardi_2015f\ex-2\debug\reactorpattern.pdb
c:\users\daniela\documents\githubvisualstudio\ardi_2015f\ex-2\reactor\debug\reactorpattern.tlog\cl.command.1.tlog
c:\users\daniela\documents\githubvisualstudio\ardi_2015f\ex-2\reactor\debug\reactorpattern.tlog\cl.read.1.tlog
c:\users\daniela\documents\githubvisualstudio\ardi_2015f\ex-2\reactor\debug\reactorpattern.tlog\cl.write.1.tlog
c:\users\daniela\documents\githubvisualstudio\ardi_2015f\ex-2\reactor\debug\reactorpattern.tlog\lib-link.read.1.tlog
c:\users\daniela\documents\githubvisualstudio\ardi_2015f\ex-2\reactor\debug\reactorpattern.tlog\lib-link.write.1.tlog
c:\users\daniela\documents\githubvisualstudio\ardi_2015f\ex-2\reactor\debug\reactorpattern.tlog\lib.command.1.tlog
